<?xml version="1.0" encoding="UTF-8"?>
<!-- Generated by org.testng.reporters.JUnitReportReporter -->
<testsuite hostname="anusha" name="ecommercewebsite.NewTest" tests="2" failures="0" timestamp="24 Apr 2016 02:31:45 GMT" time="0.002" errors="0">
  <testcase name="testcase2" time="0.001" classname="ecommercewebsite.NewTest"/>
  <testcase name="testcase3" time="0.001" classname="ecommercewebsite.NewTest"/>
</testsuite> <!-- ecommercewebsite.NewTest -->
