<?xml version="1.0" encoding="UTF-8"?>
<!-- Generated by org.testng.reporters.JUnitReportReporter -->
<testsuite hostname="LAPTOP-OJOU4E8F" name="ecommercewebsite.WebCom" tests="1" failures="0" timestamp="10 Jan 2016 09:07:46 GMT" time="0.017" errors="0">
  <testcase name="f" time="0.017" classname="ecommercewebsite.WebCom"/>
</testsuite> <!-- ecommercewebsite.WebCom -->
